#
# There is insufficient memory for the Java Runtime Environment to continue.
# Native memory allocation (malloc) failed to allocate 352176 bytes for Chunk::new
# Possible reasons:
#   The system is out of physical RAM or swap space
#   The process is running with CompressedOops enabled, and the Java Heap may be blocking the growth of the native heap
# Possible solutions:
#   Reduce memory load on the system
#   Increase physical memory or swap space
#   Check if swap backing store is full
#   Decrease Java heap size (-Xmx/-Xms)
#   Decrease number of Java threads
#   Decrease Java thread stack sizes (-Xss)
#   Set larger code cache with -XX:ReservedCodeCacheSize=
#   JVM is running with Zero Based Compressed Oops mode in which the Java heap is
#     placed in the first 32GB address space. The Java Heap base address is the
#     maximum limit for the native heap growth. Please use -XX:HeapBaseMinAddress
#     to set the Java Heap base and to place the Java Heap above 32GB virtual address.
# This output file may be truncated or incomplete.
#
#  Out of Memory Error (arena.cpp:189), pid=66808, tid=49116
#
# JRE version: Java(TM) SE Runtime Environment (17.0.6+9) (build 17.0.6+9-LTS-190)
# Java VM: Java HotSpot(TM) 64-Bit Server VM (17.0.6+9-LTS-190, mixed mode, sharing, tiered, compressed oops, compressed class ptrs, g1 gc, windows-amd64)
# No core dump will be written. Minidumps are not enabled by default on client versions of Windows
#

---------------  S U M M A R Y ------------

Command Line: -javaagent:C:\Program Files\JetBrains\IntelliJ IDEA Community Edition 2022.3.3\lib\idea_rt.jar=62699:C:\Program Files\JetBrains\IntelliJ IDEA Community Edition 2022.3.3\bin -Dfile.encoding=UTF-8 com.xebia.order.OrderApplication

Host: Intel(R) Core(TM) i5-8350U CPU @ 1.70GHz, 8 cores, 15G,  Windows 11 , 64 bit Build 22621 (10.0.22621.1635)
Time: Tue May 30 19:28:23 2023 India Standard Time elapsed time: 312.895367 seconds (0d 0h 5m 12s)

---------------  T H R E A D  ---------------

Current thread (0x0000016ae03b6e00):  JavaThread "C2 CompilerThread1" daemon [_thread_in_native, id=49116, stack(0x000000123d700000,0x000000123d800000)]


Current CompileTask:
C2: 312895 7462       4       org.springframework.core.DefaultParameterNameDiscoverer::<init> (50 bytes)

Stack: [0x000000123d700000,0x000000123d800000]
Native frames: (J=compiled Java code, j=interpreted, Vv=VM code, C=native code)
V  [jvm.dll+0x6734ea]
V  [jvm.dll+0x7d18f4]
V  [jvm.dll+0x7d309e]
V  [jvm.dll+0x7d3703]
V  [jvm.dll+0x2433c5]
V  [jvm.dll+0xaa46b]
V  [jvm.dll+0xaaa0c]
V  [jvm.dll+0x35eadf]
V  [jvm.dll+0x329401]
V  [jvm.dll+0x32889a]
V  [jvm.dll+0x215ddf]
V  [jvm.dll+0x215211]
V  [jvm.dll+0x1a1730]
V  [jvm.dll+0x224b6e]
V  [jvm.dll+0x222f15]
V  [jvm.dll+0x78753c]
V  [jvm.dll+0x781a7a]
V  [jvm.dll+0x672375]
C  [ucrtbase.dll+0x29363]
C  [KERNEL32.DLL+0x126ad]
C  [ntdll.dll+0x5a9f8]


---------------  P R O C E S S  ---------------

Threads class SMR info:
_java_thread_list=0x0000016adcf44c20, length=30, elements={
0x0000016adabb9080, 0x0000016adabbda50, 0x0000016adabc9110, 0x0000016adabc9ac0,
0x0000016adabca470, 0x0000016adabcae20, 0x0000016adabcbbb0, 0x0000016adabcc650,
0x0000016adac1cef0, 0x0000016adb399fe0, 0x0000016adb54de30, 0x0000016adb54e300,
0x0000016adf58b250, 0x0000016adf58b720, 0x0000016adf26b430, 0x0000016ae0339bd0,
0x0000016ae0f99d60, 0x0000016ade736520, 0x0000016ade7356b0, 0x0000016ade7339d0,
0x0000016ade733ea0, 0x0000016ade734840, 0x0000016ade733030, 0x0000016ade735b80,
0x0000016ade733500, 0x0000016ade736050, 0x0000016ade7369f0, 0x0000016ae0715820,
0x0000016ae0717500, 0x0000016ae03b6e00
}

Java Threads: ( => current thread )
  0x0000016adabb9080 JavaThread "Reference Handler" daemon [_thread_blocked, id=62072, stack(0x000000123e100000,0x000000123e200000)]
  0x0000016adabbda50 JavaThread "Finalizer" daemon [_thread_blocked, id=63024, stack(0x000000123e200000,0x000000123e300000)]
  0x0000016adabc9110 JavaThread "Signal Dispatcher" daemon [_thread_blocked, id=20604, stack(0x000000123e300000,0x000000123e400000)]
  0x0000016adabc9ac0 JavaThread "Attach Listener" daemon [_thread_blocked, id=64048, stack(0x000000123e400000,0x000000123e500000)]
  0x0000016adabca470 JavaThread "Service Thread" daemon [_thread_blocked, id=65512, stack(0x000000123e500000,0x000000123e600000)]
  0x0000016adabcae20 JavaThread "Monitor Deflation Thread" daemon [_thread_blocked, id=69356, stack(0x000000123e600000,0x000000123e700000)]
  0x0000016adabcbbb0 JavaThread "C2 CompilerThread0" daemon [_thread_in_native, id=29724, stack(0x000000123e700000,0x000000123e800000)]
  0x0000016adabcc650 JavaThread "C1 CompilerThread0" daemon [_thread_blocked, id=53972, stack(0x000000123e800000,0x000000123e900000)]
  0x0000016adac1cef0 JavaThread "Sweeper thread" daemon [_thread_blocked, id=56032, stack(0x000000123e900000,0x000000123ea00000)]
  0x0000016adb399fe0 JavaThread "Common-Cleaner" daemon [_thread_blocked, id=60148, stack(0x000000123ea00000,0x000000123eb00000)]
  0x0000016adb54de30 JavaThread "Monitor Ctrl-Break" daemon [_thread_in_native, id=60408, stack(0x000000123ec00000,0x000000123ed00000)]
  0x0000016adb54e300 JavaThread "Notification Thread" daemon [_thread_blocked, id=3532, stack(0x000000123ed00000,0x000000123ee00000)]
  0x0000016adf58b250 JavaThread "Catalina-utility-1" [_thread_blocked, id=70004, stack(0x000000123f900000,0x000000123fa00000)]
  0x0000016adf58b720 JavaThread "Catalina-utility-2" [_thread_blocked, id=21656, stack(0x000000123fa00000,0x000000123fb00000)]
  0x0000016adf26b430 JavaThread "container-0" [_thread_blocked, id=62924, stack(0x000000123fb00000,0x000000123fc00000)]
  0x0000016ae0339bd0 JavaThread "HikariPool-1 housekeeper" daemon [_thread_blocked, id=69176, stack(0x000000123f700000,0x000000123f800000)]
  0x0000016ae0f99d60 JavaThread "http-nio-8015-exec-1" daemon [_thread_blocked, id=68520, stack(0x000000123ff00000,0x0000001240000000)]
  0x0000016ade736520 JavaThread "http-nio-8015-exec-2" daemon [_thread_blocked, id=64168, stack(0x0000001240000000,0x0000001240100000)]
  0x0000016ade7356b0 JavaThread "http-nio-8015-exec-3" daemon [_thread_blocked, id=69032, stack(0x0000001240100000,0x0000001240200000)]
  0x0000016ade7339d0 JavaThread "http-nio-8015-exec-4" daemon [_thread_blocked, id=67856, stack(0x0000001240200000,0x0000001240300000)]
  0x0000016ade733ea0 JavaThread "http-nio-8015-exec-5" daemon [_thread_blocked, id=58200, stack(0x0000001240300000,0x0000001240400000)]
  0x0000016ade734840 JavaThread "http-nio-8015-exec-6" daemon [_thread_blocked, id=65732, stack(0x0000001240400000,0x0000001240500000)]
  0x0000016ade733030 JavaThread "http-nio-8015-exec-7" daemon [_thread_blocked, id=62948, stack(0x0000001240500000,0x0000001240600000)]
  0x0000016ade735b80 JavaThread "http-nio-8015-exec-8" daemon [_thread_blocked, id=68736, stack(0x0000001240600000,0x0000001240700000)]
  0x0000016ade733500 JavaThread "http-nio-8015-exec-9" daemon [_thread_blocked, id=61420, stack(0x0000001240700000,0x0000001240800000)]
  0x0000016ade736050 JavaThread "http-nio-8015-exec-10" daemon [_thread_blocked, id=56680, stack(0x0000001240800000,0x0000001240900000)]
  0x0000016ade7369f0 JavaThread "http-nio-8015-Poller" daemon [_thread_in_native, id=61564, stack(0x0000001240900000,0x0000001240a00000)]
  0x0000016ae0715820 JavaThread "http-nio-8015-Acceptor" daemon [_thread_in_native, id=4692, stack(0x0000001240a00000,0x0000001240b00000)]
  0x0000016ae0717500 JavaThread "DestroyJavaVM" [_thread_blocked, id=14980, stack(0x000000123da00000,0x000000123db00000)]
=>0x0000016ae03b6e00 JavaThread "C2 CompilerThread1" daemon [_thread_in_native, id=49116, stack(0x000000123d700000,0x000000123d800000)]

Other Threads:
  0x0000016adabb36e0 VMThread "VM Thread" [stack: 0x000000123e000000,0x000000123e100000] [id=31368]
  0x0000016ab8729d10 WatcherThread [stack: 0x000000123ee00000,0x000000123ef00000] [id=68364]
  0x0000016ab870d670 GCTaskThread "GC Thread#0" [stack: 0x000000123db00000,0x000000123dc00000] [id=59244]
  0x0000016adc44dff0 GCTaskThread "GC Thread#1" [stack: 0x000000123ef00000,0x000000123f000000] [id=55088]
  0x0000016adc44eab0 GCTaskThread "GC Thread#2" [stack: 0x000000123f000000,0x000000123f100000] [id=62264]
  0x0000016adc44e2a0 GCTaskThread "GC Thread#3" [stack: 0x000000123f100000,0x000000123f200000] [id=69136]
  0x0000016adc44e550 GCTaskThread "GC Thread#4" [stack: 0x000000123f200000,0x000000123f300000] [id=63344]
  0x0000016adc44da90 GCTaskThread "GC Thread#5" [stack: 0x000000123f300000,0x000000123f400000] [id=52812]
  0x0000016adc44f010 GCTaskThread "GC Thread#6" [stack: 0x000000123f400000,0x000000123f500000] [id=59704]
  0x0000016adc44e800 GCTaskThread "GC Thread#7" [stack: 0x000000123f500000,0x000000123f600000] [id=61800]
  0x0000016ab8720340 ConcurrentGCThread "G1 Main Marker" [stack: 0x000000123dc00000,0x000000123dd00000] [id=67736]
  0x0000016ab87223a0 ConcurrentGCThread "G1 Conc#0" [stack: 0x000000123dd00000,0x000000123de00000] [id=64840]
  0x0000016ade8c7bf0 ConcurrentGCThread "G1 Conc#1" [stack: 0x000000123f800000,0x000000123f900000] [id=67908]
  0x0000016adaaef890 ConcurrentGCThread "G1 Refine#0" [stack: 0x000000123de00000,0x000000123df00000] [id=56824]
  0x0000016adc6e1b60 ConcurrentGCThread "G1 Refine#1" [stack: 0x000000123f600000,0x000000123f700000] [id=69432]
  0x0000016adaaf2060 ConcurrentGCThread "G1 Service" [stack: 0x000000123df00000,0x000000123e000000] [id=63372]

Threads with active compile tasks:
C2 CompilerThread0   312978 7463       4       org.springframework.http.CacheControl::toHeaderValue (259 bytes)
C2 CompilerThread1   312978 7462       4       org.springframework.core.DefaultParameterNameDiscoverer::<init> (50 bytes)

VM state: not at safepoint (normal execution)

VM Mutex/Monitor currently owned by a thread: None

Heap address: 0x0000000703e00000, size: 4034 MB, Compressed Oops mode: Zero based, Oop shift amount: 3

CDS archive(s) mapped at: [0x0000000800000000-0x0000000800bd0000-0x0000000800bd0000), size 12386304, SharedBaseAddress: 0x0000000800000000, ArchiveRelocationMode: 0.
Compressed class space mapped at: 0x0000000800c00000-0x0000000840c00000, reserved size: 1073741824
Narrow klass base: 0x0000000800000000, Narrow klass shift: 0, Narrow klass range: 0x100000000

GC Precious Log:
 CPUs: 8 total, 8 available
 Memory: 16131M
 Large Page Support: Disabled
 NUMA Support: Disabled
 Compressed Oops: Enabled (Zero based)
 Heap Region Size: 2M
 Heap Min Capacity: 8M
 Heap Initial Capacity: 254M
 Heap Max Capacity: 4034M
 Pre-touch: Disabled
 Parallel Workers: 8
 Concurrent Workers: 2
 Concurrent Refinement Workers: 8
 Periodic GC: Disabled

Heap:
 garbage-first heap   total 55296K, used 23247K [0x0000000703e00000, 0x0000000800000000)
  region size 2048K, 3 young (6144K), 1 survivors (2048K)
 Metaspace       used 46889K, committed 47168K, reserved 1097728K
  class space    used 5832K, committed 5952K, reserved 1048576K

Heap Regions: E=young(eden), S=young(survivor), O=old, HS=humongous(starts), HC=humongous(continues), CS=collection set, F=free, OA=open archive, CA=closed archive, TAMS=top-at-mark-start (previous, next)
|   0|0x0000000703e00000, 0x0000000704000000, 0x0000000704000000|100%| O|  |TAMS 0x0000000704000000, 0x0000000703e00000| Untracked 
|   1|0x0000000704000000, 0x0000000704200000, 0x0000000704200000|100%| O|  |TAMS 0x0000000704200000, 0x0000000704000000| Untracked 
|   2|0x0000000704200000, 0x0000000704400000, 0x0000000704400000|100%| O|  |TAMS 0x0000000704400000, 0x0000000704200000| Untracked 
|   3|0x0000000704400000, 0x0000000704600000, 0x0000000704600000|100%| O|  |TAMS 0x0000000704400000, 0x0000000704400000| Untracked 
|   4|0x0000000704600000, 0x0000000704800000, 0x0000000704800000|100%| O|  |TAMS 0x0000000704800000, 0x0000000704600000| Untracked 
|   5|0x0000000704800000, 0x0000000704a00000, 0x0000000704a00000|100%| O|  |TAMS 0x0000000704a00000, 0x0000000704800000| Untracked 
|   6|0x0000000704a00000, 0x0000000704c00000, 0x0000000704c00000|100%| O|  |TAMS 0x0000000704c00000, 0x0000000704a00000| Untracked 
|   7|0x0000000704c00000, 0x0000000704e00000, 0x0000000704e00000|100%| O|  |TAMS 0x0000000704de5e00, 0x0000000704c00000| Untracked 
|   8|0x0000000704e00000, 0x0000000705000000, 0x0000000705000000|100%| O|  |TAMS 0x0000000704e00000, 0x0000000704e00000| Untracked 
|   9|0x0000000705000000, 0x0000000705200000, 0x0000000705200000|100%| O|  |TAMS 0x0000000705000000, 0x0000000705000000| Untracked 
|  10|0x0000000705200000, 0x00000007052a5400, 0x0000000705400000| 32%| O|  |TAMS 0x0000000705200000, 0x0000000705200000| Untracked 
|  11|0x0000000705400000, 0x0000000705400000, 0x0000000705600000|  0%| F|  |TAMS 0x0000000705400000, 0x0000000705400000| Untracked 
|  12|0x0000000705600000, 0x0000000705600000, 0x0000000705800000|  0%| F|  |TAMS 0x0000000705600000, 0x0000000705600000| Untracked 
|  13|0x0000000705800000, 0x0000000705800000, 0x0000000705a00000|  0%| F|  |TAMS 0x0000000705800000, 0x0000000705800000| Untracked 
|  14|0x0000000705a00000, 0x0000000705a0e9d0, 0x0000000705c00000|  2%| S|CS|TAMS 0x0000000705a00000, 0x0000000705a00000| Complete 
|  15|0x0000000705c00000, 0x0000000705c00000, 0x0000000705e00000|  0%| F|  |TAMS 0x0000000705c00000, 0x0000000705c00000| Untracked 
|  16|0x0000000705e00000, 0x0000000705e00000, 0x0000000706000000|  0%| F|  |TAMS 0x0000000705e00000, 0x0000000705e00000| Untracked 
|  17|0x0000000706000000, 0x0000000706000000, 0x0000000706200000|  0%| F|  |TAMS 0x0000000706000000, 0x0000000706000000| Untracked 
|  18|0x0000000706200000, 0x0000000706200000, 0x0000000706400000|  0%| F|  |TAMS 0x0000000706200000, 0x0000000706200000| Untracked 
|  19|0x0000000706400000, 0x0000000706400000, 0x0000000706600000|  0%| F|  |TAMS 0x0000000706400000, 0x0000000706400000| Untracked 
|  20|0x0000000706600000, 0x0000000706600000, 0x0000000706800000|  0%| F|  |TAMS 0x0000000706600000, 0x0000000706600000| Untracked 
|  21|0x0000000706800000, 0x0000000706800000, 0x0000000706a00000|  0%| F|  |TAMS 0x0000000706800000, 0x0000000706800000| Untracked 
|  22|0x0000000706a00000, 0x0000000706a00000, 0x0000000706c00000|  0%| F|  |TAMS 0x0000000706a00000, 0x0000000706a00000| Untracked 
|  97|0x0000000710000000, 0x0000000710000000, 0x0000000710200000|  0%| F|  |TAMS 0x0000000710000000, 0x0000000710000000| Untracked 
|  98|0x0000000710200000, 0x0000000710200000, 0x0000000710400000|  0%| F|  |TAMS 0x0000000710200000, 0x0000000710200000| Untracked 
|  99|0x0000000710400000, 0x0000000710422530, 0x0000000710600000|  6%| E|  |TAMS 0x0000000710400000, 0x0000000710400000| Complete 
| 126|0x0000000713a00000, 0x0000000713c00000, 0x0000000713c00000|100%| E|CS|TAMS 0x0000000713a00000, 0x0000000713a00000| Complete 

Card table byte_map: [0x0000016acfa00000,0x0000016ad01f0000] _byte_map_base: 0x0000016acc1e1000

Marking Bits (Prev, Next): (CMBitMap*) 0x0000016ab870dcc0, (CMBitMap*) 0x0000016ab870dc80
 Prev Bits: [0x0000016ad48f0000, 0x0000016ad87f8000)
 Next Bits: [0x0000016ad09e0000, 0x0000016ad48e8000)

Polling page: 0x0000016ab5ac0000

Metaspace:

Usage:
  Non-class:     40.10 MB used.
      Class:      5.70 MB used.
       Both:     45.79 MB used.

Virtual space:
  Non-class space:       48.00 MB reserved,      40.25 MB ( 84%) committed,  6 nodes.
      Class space:        1.00 GB reserved,       5.81 MB ( <1%) committed,  1 nodes.
             Both:        1.05 GB reserved,      46.06 MB (  4%) committed. 

Chunk freelists:
   Non-Class:  2.98 MB
       Class:  2.13 MB
        Both:  5.11 MB

MaxMetaspaceSize: unlimited
CompressedClassSpaceSize: 1.00 GB
Initial GC threshold: 21.00 MB
Current GC threshold: 65.62 MB
CDS: on
MetaspaceReclaimPolicy: balanced
 - commit_granule_bytes: 65536.
 - commit_granule_words: 8192.
 - virtual_space_node_default_size: 1048576.
 - enlarge_chunks_in_place: 1.
 - new_chunks_are_fully_committed: 0.
 - uncommit_free_chunks: 1.
 - use_allocation_guard: 0.
 - handle_deallocations: 1.


Internal statistics:

num_allocs_failed_limit: 9.
num_arena_births: 330.
num_arena_deaths: 0.
num_vsnodes_births: 7.
num_vsnodes_deaths: 0.
num_space_committed: 737.
num_space_uncommitted: 0.
num_chunks_returned_to_freelist: 9.
num_chunks_taken_from_freelist: 1979.
num_chunk_merges: 9.
num_chunk_splits: 1428.
num_chunks_enlarged: 1153.
num_purges: 0.
num_inconsistent_stats: 0.

CodeHeap 'non-profiled nmethods': size=120000Kb used=5676Kb max_used=5676Kb free=114323Kb
 bounds [0x0000016ac79b0000, 0x0000016ac7f40000, 0x0000016aceee0000]
CodeHeap 'profiled nmethods': size=120000Kb used=10990Kb max_used=13879Kb free=109009Kb
 bounds [0x0000016abfee0000, 0x0000016ac0c80000, 0x0000016ac7410000]
CodeHeap 'non-nmethods': size=5760Kb used=1258Kb max_used=1330Kb free=4502Kb
 bounds [0x0000016ac7410000, 0x0000016ac7680000, 0x0000016ac79b0000]
 total_blobs=6552 nmethods=5978 adapters=486
 compilation: enabled
              stopped_count=0, restarted_count=0
 full_count=0

Compilation events (20 events):
Event: 312.425 Thread 0x0000016adabcbbb0 7453       4       com.fasterxml.jackson.core.io.ContentReference::<init> (9 bytes)
Event: 312.425 Thread 0x0000016ae03b6e00 7454       4       org.apache.coyote.http11.Http11OutputBuffer::sendStatus (121 bytes)
Event: 312.426 Thread 0x0000016adabcbbb0 nmethod 7453 0x0000016ac7f30f10 code [0x0000016ac7f31080, 0x0000016ac7f311f8]
Event: 312.426 Thread 0x0000016adabcbbb0 7455       4       org.apache.coyote.http11.Http11OutputBuffer::endHeaders (16 bytes)
Event: 312.428 Thread 0x0000016adabcbbb0 nmethod 7455 0x0000016ac7f31290 code [0x0000016ac7f31420, 0x0000016ac7f315b8]
Event: 312.428 Thread 0x0000016adabcbbb0 7456   !   4       org.apache.coyote.http11.Http11OutputBuffer::commit (111 bytes)
Event: 312.438 Thread 0x0000016ae03b6e00 nmethod 7454 0x0000016ac7f31790 code [0x0000016ac7f31940, 0x0000016ac7f31f98]
Event: 312.438 Thread 0x0000016ae03b6e00 7460       4       com.xebia.order.controller.OrderController::timeZone (73 bytes)
Event: 312.455 Thread 0x0000016adabcbbb0 nmethod 7456 0x0000016ac7f32510 code [0x0000016ac7f32700, 0x0000016ac7f33348]
Event: 312.455 Thread 0x0000016adabcbbb0 7457   !   4       jdk.internal.reflect.GeneratedMethodAccessor10::invoke (61 bytes)
Event: 312.456 Thread 0x0000016adabcbbb0 nmethod 7457 0x0000016ac7f34090 code [0x0000016ac7f34220, 0x0000016ac7f342f8]
Event: 312.456 Thread 0x0000016adabcbbb0 7458   !   4       jdk.internal.reflect.GeneratedMethodAccessor11::invoke (64 bytes)
Event: 312.459 Thread 0x0000016adabcbbb0 nmethod 7458 0x0000016ac7f34410 code [0x0000016ac7f345a0, 0x0000016ac7f34718]
Event: 312.459 Thread 0x0000016adabcbbb0 7459   !   4       jdk.internal.reflect.GeneratedMethodAccessor12::invoke (61 bytes)
Event: 312.460 Thread 0x0000016adabcbbb0 nmethod 7459 0x0000016ac7f34890 code [0x0000016ac7f34a20, 0x0000016ac7f34af8]
Event: 312.460 Thread 0x0000016adabcbbb0 7461   !   4       jdk.internal.reflect.GeneratedMethodAccessor9::invoke (65 bytes)
Event: 312.557 Thread 0x0000016ae03b6e00 nmethod 7460 0x0000016ac7f34c10 code [0x0000016ac7f34f00, 0x0000016ac7f36be0]
Event: 312.592 Thread 0x0000016adabcbbb0 nmethod 7461 0x0000016ac7f37d90 code [0x0000016ac7f380a0, 0x0000016ac7f39e60]
Event: 312.873 Thread 0x0000016ae03b6e00 7462       4       org.springframework.core.DefaultParameterNameDiscoverer::<init> (50 bytes)
Event: 312.887 Thread 0x0000016adabcbbb0 7463       4       org.springframework.http.CacheControl::toHeaderValue (259 bytes)

GC Heap History (20 events):
Event: 299.048 GC heap before
{Heap before GC invocations=24 (full 0):
 garbage-first heap   total 55296K, used 45722K [0x0000000703e00000, 0x0000000800000000)
  region size 2048K, 13 young (26624K), 1 survivors (2048K)
 Metaspace       used 46868K, committed 47104K, reserved 1097728K
  class space    used 5828K, committed 5952K, reserved 1048576K
}
Event: 299.051 GC heap after
{Heap after GC invocations=25 (full 0):
 garbage-first heap   total 55296K, used 21148K [0x0000000703e00000, 0x0000000800000000)
  region size 2048K, 1 young (2048K), 1 survivors (2048K)
 Metaspace       used 46868K, committed 47104K, reserved 1097728K
  class space    used 5828K, committed 5952K, reserved 1048576K
}
Event: 301.047 GC heap before
{Heap before GC invocations=25 (full 0):
 garbage-first heap   total 55296K, used 43676K [0x0000000703e00000, 0x0000000800000000)
  region size 2048K, 13 young (26624K), 1 survivors (2048K)
 Metaspace       used 46868K, committed 47104K, reserved 1097728K
  class space    used 5828K, committed 5952K, reserved 1048576K
}
Event: 301.049 GC heap after
{Heap after GC invocations=26 (full 0):
 garbage-first heap   total 55296K, used 21149K [0x0000000703e00000, 0x0000000800000000)
  region size 2048K, 1 young (2048K), 1 survivors (2048K)
 Metaspace       used 46868K, committed 47104K, reserved 1097728K
  class space    used 5828K, committed 5952K, reserved 1048576K
}
Event: 302.329 GC heap before
{Heap before GC invocations=26 (full 0):
 garbage-first heap   total 55296K, used 43677K [0x0000000703e00000, 0x0000000800000000)
  region size 2048K, 13 young (26624K), 1 survivors (2048K)
 Metaspace       used 46868K, committed 47104K, reserved 1097728K
  class space    used 5828K, committed 5952K, reserved 1048576K
}
Event: 302.332 GC heap after
{Heap after GC invocations=27 (full 0):
 garbage-first heap   total 55296K, used 21145K [0x0000000703e00000, 0x0000000800000000)
  region size 2048K, 1 young (2048K), 1 survivors (2048K)
 Metaspace       used 46868K, committed 47104K, reserved 1097728K
  class space    used 5828K, committed 5952K, reserved 1048576K
}
Event: 303.940 GC heap before
{Heap before GC invocations=27 (full 0):
 garbage-first heap   total 55296K, used 43673K [0x0000000703e00000, 0x0000000800000000)
  region size 2048K, 13 young (26624K), 1 survivors (2048K)
 Metaspace       used 46869K, committed 47104K, reserved 1097728K
  class space    used 5829K, committed 5952K, reserved 1048576K
}
Event: 303.942 GC heap after
{Heap after GC invocations=28 (full 0):
 garbage-first heap   total 55296K, used 21187K [0x0000000703e00000, 0x0000000800000000)
  region size 2048K, 1 young (2048K), 1 survivors (2048K)
 Metaspace       used 46869K, committed 47104K, reserved 1097728K
  class space    used 5829K, committed 5952K, reserved 1048576K
}
Event: 305.371 GC heap before
{Heap before GC invocations=28 (full 0):
 garbage-first heap   total 55296K, used 43715K [0x0000000703e00000, 0x0000000800000000)
  region size 2048K, 12 young (24576K), 1 survivors (2048K)
 Metaspace       used 46888K, committed 47168K, reserved 1097728K
  class space    used 5832K, committed 5952K, reserved 1048576K
}
Event: 305.373 GC heap after
{Heap after GC invocations=29 (full 0):
 garbage-first heap   total 55296K, used 21167K [0x0000000703e00000, 0x0000000800000000)
  region size 2048K, 1 young (2048K), 1 survivors (2048K)
 Metaspace       used 46888K, committed 47168K, reserved 1097728K
  class space    used 5832K, committed 5952K, reserved 1048576K
}
Event: 306.773 GC heap before
{Heap before GC invocations=29 (full 0):
 garbage-first heap   total 55296K, used 41647K [0x0000000703e00000, 0x0000000800000000)
  region size 2048K, 12 young (24576K), 1 survivors (2048K)
 Metaspace       used 46888K, committed 47168K, reserved 1097728K
  class space    used 5832K, committed 5952K, reserved 1048576K
}
Event: 306.775 GC heap after
{Heap after GC invocations=30 (full 0):
 garbage-first heap   total 55296K, used 21183K [0x0000000703e00000, 0x0000000800000000)
  region size 2048K, 1 young (2048K), 1 survivors (2048K)
 Metaspace       used 46888K, committed 47168K, reserved 1097728K
  class space    used 5832K, committed 5952K, reserved 1048576K
}
Event: 308.394 GC heap before
{Heap before GC invocations=30 (full 0):
 garbage-first heap   total 55296K, used 41663K [0x0000000703e00000, 0x0000000800000000)
  region size 2048K, 12 young (24576K), 1 survivors (2048K)
 Metaspace       used 46888K, committed 47168K, reserved 1097728K
  class space    used 5832K, committed 5952K, reserved 1048576K
}
Event: 308.395 GC heap after
{Heap after GC invocations=31 (full 0):
 garbage-first heap   total 55296K, used 21190K [0x0000000703e00000, 0x0000000800000000)
  region size 2048K, 1 young (2048K), 1 survivors (2048K)
 Metaspace       used 46888K, committed 47168K, reserved 1097728K
  class space    used 5832K, committed 5952K, reserved 1048576K
}
Event: 309.901 GC heap before
{Heap before GC invocations=31 (full 0):
 garbage-first heap   total 55296K, used 41670K [0x0000000703e00000, 0x0000000800000000)
  region size 2048K, 12 young (24576K), 1 survivors (2048K)
 Metaspace       used 46888K, committed 47168K, reserved 1097728K
  class space    used 5832K, committed 5952K, reserved 1048576K
}
Event: 309.902 GC heap after
{Heap after GC invocations=32 (full 0):
 garbage-first heap   total 55296K, used 21186K [0x0000000703e00000, 0x0000000800000000)
  region size 2048K, 1 young (2048K), 1 survivors (2048K)
 Metaspace       used 46888K, committed 47168K, reserved 1097728K
  class space    used 5832K, committed 5952K, reserved 1048576K
}
Event: 311.354 GC heap before
{Heap before GC invocations=32 (full 0):
 garbage-first heap   total 55296K, used 41666K [0x0000000703e00000, 0x0000000800000000)
  region size 2048K, 12 young (24576K), 1 survivors (2048K)
 Metaspace       used 46888K, committed 47168K, reserved 1097728K
  class space    used 5832K, committed 5952K, reserved 1048576K
}
Event: 311.356 GC heap after
{Heap after GC invocations=33 (full 0):
 garbage-first heap   total 55296K, used 21190K [0x0000000703e00000, 0x0000000800000000)
  region size 2048K, 1 young (2048K), 1 survivors (2048K)
 Metaspace       used 46888K, committed 47168K, reserved 1097728K
  class space    used 5832K, committed 5952K, reserved 1048576K
}
Event: 312.800 GC heap before
{Heap before GC invocations=33 (full 0):
 garbage-first heap   total 55296K, used 41670K [0x0000000703e00000, 0x0000000800000000)
  region size 2048K, 12 young (24576K), 1 survivors (2048K)
 Metaspace       used 46889K, committed 47168K, reserved 1097728K
  class space    used 5832K, committed 5952K, reserved 1048576K
}
Event: 312.802 GC heap after
{Heap after GC invocations=34 (full 0):
 garbage-first heap   total 55296K, used 21199K [0x0000000703e00000, 0x0000000800000000)
  region size 2048K, 1 young (2048K), 1 survivors (2048K)
 Metaspace       used 46889K, committed 47168K, reserved 1097728K
  class space    used 5832K, committed 5952K, reserved 1048576K
}

Deoptimization events (20 events):
Event: 296.134 Thread 0x0000016ade736050 DEOPT PACKING pc=0x0000016ac7e7e8e0 sp=0x00000012408fcc70
Event: 296.134 Thread 0x0000016ade736050 DEOPT UNPACKING pc=0x0000016ac74623a3 sp=0x00000012408fcc08 mode 2
Event: 296.138 Thread 0x0000016ade7356b0 Uncommon trap: trap_request=0xffffffbe fr.pc=0x0000016ac7e7e8e0 relative=0x00000000000006a0
Event: 296.138 Thread 0x0000016ade7356b0 Uncommon trap: reason=profile_predicate action=maybe_recompile pc=0x0000016ac7e7e8e0 method=ch.qos.logback.classic.pattern.TargetLengthBasedClassNameAbbreviator.abbreviate(Ljava/lang/String;)Ljava/lang/String; @ 86 c2
Event: 296.138 Thread 0x0000016ade7356b0 DEOPT PACKING pc=0x0000016ac7e7e8e0 sp=0x00000012401fcb20
Event: 296.138 Thread 0x0000016ade7356b0 DEOPT UNPACKING pc=0x0000016ac74623a3 sp=0x00000012401fcab8 mode 2
Event: 307.583 Thread 0x0000016ade735b80 Uncommon trap: trap_request=0xffffff45 fr.pc=0x0000016ac7cf298c relative=0x000000000000058c
Event: 307.583 Thread 0x0000016ade735b80 Uncommon trap: reason=unstable_if action=reinterpret pc=0x0000016ac7cf298c method=java.util.concurrent.locks.ReentrantReadWriteLock$Sync.tryReleaseShared(I)Z @ 129 c2
Event: 307.583 Thread 0x0000016ade735b80 DEOPT PACKING pc=0x0000016ac7cf298c sp=0x00000012406fe660
Event: 307.583 Thread 0x0000016ade735b80 DEOPT UNPACKING pc=0x0000016ac74623a3 sp=0x00000012406fe638 mode 2
Event: 307.584 Thread 0x0000016ade734840 Uncommon trap: trap_request=0xffffffc6 fr.pc=0x0000016ac7cda12c relative=0x000000000000006c
Event: 307.584 Thread 0x0000016ade734840 Uncommon trap: reason=bimorphic_or_optimized_type_check action=maybe_recompile pc=0x0000016ac7cda12c method=java.lang.ThreadLocal.set(Ljava/lang/Object;)V @ 6 c2
Event: 307.584 Thread 0x0000016ade734840 DEOPT PACKING pc=0x0000016ac7cda12c sp=0x00000012404fd820
Event: 307.584 Thread 0x0000016ade734840 DEOPT UNPACKING pc=0x0000016ac74623a3 sp=0x00000012404fd7e8 mode 2
Event: 307.696 Thread 0x0000016ade734840 Uncommon trap: trap_request=0xffffffc6 fr.pc=0x0000016ac7cda12c relative=0x000000000000006c
Event: 307.696 Thread 0x0000016ade734840 Uncommon trap: reason=bimorphic_or_optimized_type_check action=maybe_recompile pc=0x0000016ac7cda12c method=java.lang.ThreadLocal.set(Ljava/lang/Object;)V @ 6 c2
Event: 307.696 Thread 0x0000016ade734840 DEOPT PACKING pc=0x0000016ac7cda12c sp=0x00000012404fea30
Event: 307.696 Thread 0x0000016ade734840 DEOPT UNPACKING pc=0x0000016ac74623a3 sp=0x00000012404fe9f8 mode 2
Event: 309.021 Thread 0x0000016ade733ea0 DEOPT PACKING pc=0x0000016ac0a50de2 sp=0x00000012403fec80
Event: 309.021 Thread 0x0000016ade733ea0 DEOPT UNPACKING pc=0x0000016ac7462b43 sp=0x00000012403fe0a0 mode 0

Classes unloaded (0 events):
No events

Classes redefined (0 events):
No events

Internal exceptions (20 events):
Event: 5.872 Thread 0x0000016ab86a1a20 Exception <a 'java/lang/ClassNotFoundException'{0x0000000706602a20}: java/lang/ObjectCustomizer> (0x0000000706602a20) 
thrown [s\open\src\hotspot\share\classfile\systemDictionary.cpp, line 256]
Event: 5.873 Thread 0x0000016ab86a1a20 Exception <a 'java/lang/ClassNotFoundException'{0x0000000706609530}: org/springframework/web/servlet/config/annotation/WebMvcConfigurationSupportCustomizer> (0x0000000706609530) 
thrown [s\open\src\hotspot\share\classfile\systemDictionary.cpp, line 256]
Event: 5.874 Thread 0x0000016ab86a1a20 Exception <a 'java/lang/ClassNotFoundException'{0x000000070661c3e8}: org/springframework/web/servlet/config/annotation/DelegatingWebMvcConfigurationCustomizer> (0x000000070661c3e8) 
thrown [s\open\src\hotspot\share\classfile\systemDictionary.cpp, line 256]
Event: 5.874 Thread 0x0000016ab86a1a20 Exception <a 'java/lang/ClassNotFoundException'{0x00000007066243c8}: org/springframework/boot/autoconfigure/web/servlet/WebMvcAutoConfiguration$EnableWebMvcConfigurationCustomizer> (0x00000007066243c8) 
thrown [s\open\src\hotspot\share\classfile\systemDictionary.cpp, line 256]
Event: 5.876 Thread 0x0000016ab86a1a20 Exception <a 'java/lang/ClassNotFoundException'{0x0000000706636480}: org/springframework/context/ResourceLoaderAwareCustomizer> (0x0000000706636480) 
thrown [s\open\src\hotspot\share\classfile\systemDictionary.cpp, line 256]
Event: 5.876 Thread 0x0000016ab86a1a20 Exception <a 'java/lang/ClassNotFoundException'{0x000000070663a368}: org/springframework/beans/factory/AwareCustomizer> (0x000000070663a368) 
thrown [s\open\src\hotspot\share\classfile\systemDictionary.cpp, line 256]
Event: 5.876 Thread 0x0000016ab86a1a20 Exception <a 'java/lang/ClassNotFoundException'{0x000000070663d5d0}: org/springframework/context/ApplicationContextAwareCustomizer> (0x000000070663d5d0) 
thrown [s\open\src\hotspot\share\classfile\systemDictionary.cpp, line 256]
Event: 5.877 Thread 0x0000016ab86a1a20 Exception <a 'java/lang/ClassNotFoundException'{0x0000000706641fa8}: org/springframework/beans/factory/AwareCustomizer> (0x0000000706641fa8) 
thrown [s\open\src\hotspot\share\classfile\systemDictionary.cpp, line 256]
Event: 5.877 Thread 0x0000016ab86a1a20 Exception <a 'java/lang/ClassNotFoundException'{0x00000007066451e8}: org/springframework/web/context/ServletContextAwareCustomizer> (0x00000007066451e8) 
thrown [s\open\src\hotspot\share\classfile\systemDictionary.cpp, line 256]
Event: 5.877 Thread 0x0000016ab86a1a20 Exception <a 'java/lang/ClassNotFoundException'{0x0000000706649508}: org/springframework/beans/factory/AwareCustomizer> (0x0000000706649508) 
thrown [s\open\src\hotspot\share\classfile\systemDictionary.cpp, line 256]
Event: 6.084 Thread 0x0000016ab86a1a20 Exception <a 'java/lang/NoSuchMethodError'{0x00000007061afc88}: 'void java.lang.invoke.DirectMethodHandle$Holder.invokeVirtual(java.lang.Object, java.lang.Object, int)'> (0x00000007061afc88) 
thrown [s\open\src\hotspot\share\interpreter\linkResolver.cpp, line 759]
Event: 6.087 Thread 0x0000016ab86a1a20 Exception <a 'java/lang/NoSuchMethodError'{0x00000007061ca7e0}: 'void java.lang.invoke.DirectMethodHandle$Holder.invokeVirtual(java.lang.Object, java.lang.Object, long)'> (0x00000007061ca7e0) 
thrown [s\open\src\hotspot\share\interpreter\linkResolver.cpp, line 759]
Event: 6.284 Thread 0x0000016ab86a1a20 Exception <a 'java/lang/IncompatibleClassChangeError'{0x0000000713bdb648}: Found class java.lang.Object, but interface was expected> (0x0000000713bdb648) 
thrown [s\open\src\hotspot\share\interpreter\linkResolver.cpp, line 826]
Event: 6.348 Thread 0x0000016ab86a1a20 Exception <a 'java/lang/NoSuchMethodError'{0x0000000710578c08}: 'int java.lang.invoke.DirectMethodHandle$Holder.invokeStaticInit(java.lang.Object, java.lang.Object, java.lang.Object, java.lang.Object)'> (0x0000000710578c08) 
thrown [s\open\src\hotspot\share\interpreter\linkResolver.cpp, line 759]
Event: 6.397 Thread 0x0000016ab86a1a20 Implicit null exception at 0x0000016ac7aca5c0 to 0x0000016ac7aca7e4
Event: 6.472 Thread 0x0000016ab86a1a20 Exception <a 'java/lang/NoSuchMethodError'{0x00000007101f64e8}: 'java.lang.Object java.lang.invoke.DirectMethodHandle$Holder.invokeSpecial(java.lang.Object, java.lang.Object, int, java.lang.Object, int, java.lang.Object)'> (0x00000007101f64e8) 
thrown [s\open\src\hotspot\share\interpreter\linkResolver.cpp, line 759]
Event: 6.473 Thread 0x0000016ab86a1a20 Exception <a 'java/lang/NoSuchMethodError'{0x00000007101fe2e8}: 'java.lang.Object java.lang.invoke.DirectMethodHandle$Holder.newInvokeSpecial(java.lang.Object, java.lang.Object, int, java.lang.Object, int)'> (0x00000007101fe2e8) 
thrown [s\open\src\hotspot\share\interpreter\linkResolver.cpp, line 759]
Event: 6.474 Thread 0x0000016ab86a1a20 Exception <a 'java/lang/NoSuchMethodError'{0x0000000706a02a00}: 'java.lang.Object java.lang.invoke.DirectMethodHandle$Holder.invokeSpecial(java.lang.Object, java.lang.Object, java.lang.Object, int, java.lang.Object, int)'> (0x0000000706a02a00) 
thrown [s\open\src\hotspot\share\interpreter\linkResolver.cpp, line 759]
Event: 6.476 Thread 0x0000016ab86a1a20 Exception <a 'java/lang/NoSuchMethodError'{0x0000000706a0c960}: 'void java.lang.invoke.DirectMethodHandle$Holder.invokeVirtual(java.lang.Object, java.lang.Object)'> (0x0000000706a0c960) 
thrown [s\open\src\hotspot\share\interpreter\linkResolver.cpp, line 759]
Event: 43.119 Thread 0x0000016ade7356b0 Implicit null exception at 0x0000016ac7ac474f to 0x0000016ac7ac48c4

VM Operations (20 events):
Event: 303.939 Executing VM operation: G1CollectForAllocation
Event: 303.942 Executing VM operation: G1CollectForAllocation done
Event: 304.951 Executing VM operation: Cleanup
Event: 304.951 Executing VM operation: Cleanup done
Event: 305.371 Executing VM operation: G1CollectForAllocation
Event: 305.373 Executing VM operation: G1CollectForAllocation done
Event: 306.773 Executing VM operation: G1CollectForAllocation
Event: 306.775 Executing VM operation: G1CollectForAllocation done
Event: 307.787 Executing VM operation: Cleanup
Event: 307.787 Executing VM operation: Cleanup done
Event: 308.394 Executing VM operation: G1CollectForAllocation
Event: 308.395 Executing VM operation: G1CollectForAllocation done
Event: 309.901 Executing VM operation: G1CollectForAllocation
Event: 309.902 Executing VM operation: G1CollectForAllocation done
Event: 311.354 Executing VM operation: G1CollectForAllocation
Event: 311.356 Executing VM operation: G1CollectForAllocation done
Event: 312.367 Executing VM operation: Cleanup
Event: 312.367 Executing VM operation: Cleanup done
Event: 312.800 Executing VM operation: G1CollectForAllocation
Event: 312.802 Executing VM operation: G1CollectForAllocation done

Events (20 events):
Event: 299.612 Thread 0x0000016adac1cef0 flushing nmethod 0x0000016ac09fef90
Event: 299.612 Thread 0x0000016adac1cef0 flushing nmethod 0x0000016ac0a28290
Event: 299.612 Thread 0x0000016adac1cef0 flushing nmethod 0x0000016ac0a35090
Event: 299.612 Thread 0x0000016adac1cef0 flushing nmethod 0x0000016ac0a36a90
Event: 299.612 Thread 0x0000016adac1cef0 flushing nmethod 0x0000016ac0a37c90
Event: 299.612 Thread 0x0000016adac1cef0 flushing nmethod 0x0000016ac0a61a90
Event: 299.612 Thread 0x0000016adac1cef0 flushing nmethod 0x0000016ac0a6bf10
Event: 299.613 Thread 0x0000016adac1cef0 flushing nmethod 0x0000016ac0b18e90
Event: 299.613 Thread 0x0000016adac1cef0 flushing nmethod 0x0000016ac0b4ed10
Event: 299.613 Thread 0x0000016adac1cef0 flushing nmethod 0x0000016ac0b71a10
Event: 299.613 Thread 0x0000016adac1cef0 flushing nmethod 0x0000016ac0b8fc90
Event: 299.613 Thread 0x0000016adac1cef0 flushing nmethod 0x0000016ac0b91f10
Event: 299.613 Thread 0x0000016adac1cef0 flushing nmethod 0x0000016ac0b95f10
Event: 299.614 Thread 0x0000016adac1cef0 flushing nmethod 0x0000016ac0c07a90
Event: 299.614 Thread 0x0000016adac1cef0 flushing nmethod 0x0000016ac0c4ec90
Event: 299.614 Thread 0x0000016adac1cef0 flushing nmethod 0x0000016ac0c59710
Event: 299.614 Thread 0x0000016adac1cef0 flushing nmethod 0x0000016ac0c69c10
Event: 299.614 Thread 0x0000016adac1cef0 flushing nmethod 0x0000016ac0c71010
Event: 301.479 Thread 0x0000016ae03b7820 Thread exited: 0x0000016ae03b7820
Event: 312.425 Thread 0x0000016ae03b6e00 Thread added: 0x0000016ae03b6e00


Dynamic libraries:
0x00007ff73bec0000 - 0x00007ff73bed0000 	C:\Program Files\Java\jdk-17\bin\java.exe
0x00007ffce7d10000 - 0x00007ffce7f24000 	C:\WINDOWS\SYSTEM32\ntdll.dll
0x00007ffce6d20000 - 0x00007ffce6de2000 	C:\WINDOWS\System32\KERNEL32.DLL
0x00007ffce5760000 - 0x00007ffce5b03000 	C:\WINDOWS\System32\KERNELBASE.dll
0x00007ffce5130000 - 0x00007ffce5241000 	C:\WINDOWS\System32\ucrtbase.dll
0x00007ffcbbd70000 - 0x00007ffcbbd88000 	C:\Program Files\Java\jdk-17\bin\jli.dll
0x00007ffcbd110000 - 0x00007ffcbd12b000 	C:\Program Files\Java\jdk-17\bin\VCRUNTIME140.dll
0x00007ffce5fc0000 - 0x00007ffce606e000 	C:\WINDOWS\System32\ADVAPI32.dll
0x00007ffce7420000 - 0x00007ffce74c7000 	C:\WINDOWS\System32\msvcrt.dll
0x00007ffce6f00000 - 0x00007ffce6fa4000 	C:\WINDOWS\System32\sechost.dll
0x00007ffce6bf0000 - 0x00007ffce6d07000 	C:\WINDOWS\System32\RPCRT4.dll
0x00007ffce71b0000 - 0x00007ffce735b000 	C:\WINDOWS\System32\USER32.dll
0x00007ffce53e0000 - 0x00007ffce5406000 	C:\WINDOWS\System32\win32u.dll
0x00007ffcc2e10000 - 0x00007ffcc309e000 	C:\WINDOWS\WinSxS\amd64_microsoft.windows.common-controls_6595b64144ccf1df_6.0.22621.1635_none_270f70857386168e\COMCTL32.dll
0x00007ffce73e0000 - 0x00007ffce7409000 	C:\WINDOWS\System32\GDI32.dll
0x00007ffce5250000 - 0x00007ffce5368000 	C:\WINDOWS\System32\gdi32full.dll
0x00007ffce5410000 - 0x00007ffce54aa000 	C:\WINDOWS\System32\msvcp_win.dll
0x00007ffcdbba0000 - 0x00007ffcdbbaa000 	C:\WINDOWS\SYSTEM32\VERSION.dll
0x00007ffce5ea0000 - 0x00007ffce5ed1000 	C:\WINDOWS\System32\IMM32.DLL
0x00007ffcb4510000 - 0x00007ffcb45b4000 	C:\Program Files\McAfee\Endpoint Security\Threat Prevention\Ips\EpMPApi.dll
0x00007ffce5370000 - 0x00007ffce53db000 	C:\WINDOWS\System32\WINTRUST.dll
0x00007ffce54b0000 - 0x00007ffce5617000 	C:\WINDOWS\System32\CRYPT32.dll
0x00007ffce4d60000 - 0x00007ffce4d72000 	C:\WINDOWS\SYSTEM32\MSASN1.dll
0x000000005ddc0000 - 0x000000005ddcc000 	C:\Program Files\McAfee\Endpoint Security\Threat Prevention\Ips\EpMPThe.dll
0x00007ffcb44b0000 - 0x00007ffcb450b000 	C:\Program Files\McAfee\Endpoint Security\Threat Prevention\Ips\HIPHandlers64.dll
0x00007ffce6980000 - 0x00007ffce69de000 	C:\WINDOWS\System32\SHLWAPI.dll
0x00007ffce2ae0000 - 0x00007ffce2d0e000 	C:\WINDOWS\SYSTEM32\dbghelp.dll
0x00007ffce5b10000 - 0x00007ffce5e99000 	C:\WINDOWS\System32\combase.dll
0x00007ffce5ee0000 - 0x00007ffce5fb7000 	C:\WINDOWS\System32\OLEAUT32.dll
0x0000016ab72f0000 - 0x0000016ab7aea000 	C:\WINDOWS\System32\SHELL32.dll
0x00007ffcc68d0000 - 0x00007ffcc68dc000 	C:\Program Files\Java\jdk-17\bin\vcruntime140_1.dll
0x00007ffca4190000 - 0x00007ffca421e000 	C:\Program Files\Java\jdk-17\bin\msvcp140.dll
0x00007ffc45f40000 - 0x00007ffc46b17000 	C:\Program Files\Java\jdk-17\bin\server\jvm.dll
0x00007ffce7010000 - 0x00007ffce7018000 	C:\WINDOWS\System32\PSAPI.DLL
0x00007ffcd7950000 - 0x00007ffcd7984000 	C:\WINDOWS\SYSTEM32\WINMM.dll
0x00007ffcc6d90000 - 0x00007ffcc6d99000 	C:\WINDOWS\SYSTEM32\WSOCK32.dll
0x00007ffce6230000 - 0x00007ffce62a1000 	C:\WINDOWS\System32\WS2_32.dll
0x00007ffce4180000 - 0x00007ffce4198000 	C:\WINDOWS\SYSTEM32\kernel.appcore.dll
0x00007ffcc64a0000 - 0x00007ffcc64aa000 	C:\Program Files\Java\jdk-17\bin\jimage.dll
0x00007ffcc8750000 - 0x00007ffcc8782000 	C:\WINDOWS\SYSTEM32\dbgcore.DLL
0x00007ffce56e0000 - 0x00007ffce575b000 	C:\WINDOWS\System32\bcryptPrimitives.dll
0x00007ffcd4540000 - 0x00007ffcd454e000 	C:\Program Files\Java\jdk-17\bin\instrument.dll
0x00007ffcb8690000 - 0x00007ffcb86b5000 	C:\Program Files\Java\jdk-17\bin\java.dll
0x00007ffca40b0000 - 0x00007ffca4187000 	C:\Program Files\Java\jdk-17\bin\jsvml.dll
0x00007ffce30a0000 - 0x00007ffce396e000 	C:\WINDOWS\SYSTEM32\windows.storage.dll
0x00007ffce2f60000 - 0x00007ffce309e000 	C:\WINDOWS\SYSTEM32\wintypes.dll
0x00007ffce7020000 - 0x00007ffce7111000 	C:\WINDOWS\System32\SHCORE.dll
0x00007ffce5060000 - 0x00007ffce5081000 	C:\WINDOWS\SYSTEM32\profapi.dll
0x00007ffcb71f0000 - 0x00007ffcb7208000 	C:\Program Files\Java\jdk-17\bin\zip.dll
0x00007ffcb9700000 - 0x00007ffcb9719000 	C:\Program Files\Java\jdk-17\bin\net.dll
0x00007ffcdc190000 - 0x00007ffcdc2c7000 	C:\WINDOWS\SYSTEM32\WINHTTP.dll
0x00007ffce45f0000 - 0x00007ffce4659000 	C:\WINDOWS\system32\mswsock.dll
0x00007ffcb7800000 - 0x00007ffcb7816000 	C:\Program Files\Java\jdk-17\bin\nio.dll
0x00007ffcb9c30000 - 0x00007ffcb9c4a000 	C:\Program Files\JetBrains\IntelliJ IDEA Community Edition 2022.3.3\bin\breakgen64.dll
0x00007ffcc1070000 - 0x00007ffcc1080000 	C:\Program Files\Java\jdk-17\bin\verify.dll
0x00007ffcbd3a0000 - 0x00007ffcbd3aa000 	C:\Program Files\Java\jdk-17\bin\management.dll
0x00007ffcbbd40000 - 0x00007ffcbbd4b000 	C:\Program Files\Java\jdk-17\bin\management_ext.dll
0x00007ffcbda50000 - 0x00007ffcbda67000 	C:\WINDOWS\system32\napinsp.dll
0x00007ffcbda30000 - 0x00007ffcbda4b000 	C:\WINDOWS\system32\pnrpnsp.dll
0x00007ffce3bf0000 - 0x00007ffce3ce3000 	C:\WINDOWS\SYSTEM32\DNSAPI.dll
0x00007ffce3bc0000 - 0x00007ffce3bed000 	C:\WINDOWS\SYSTEM32\IPHLPAPI.DLL
0x00007ffce6d10000 - 0x00007ffce6d19000 	C:\WINDOWS\System32\NSI.dll
0x00007ffcbda10000 - 0x00007ffcbda21000 	C:\WINDOWS\System32\winrnr.dll
0x00007ffcdbb80000 - 0x00007ffcdbb95000 	C:\WINDOWS\system32\wshbth.dll
0x00007ffcbd9e0000 - 0x00007ffcbda01000 	C:\WINDOWS\system32\nlansp_c.dll
0x00007ffcdbae0000 - 0x00007ffcdbaea000 	C:\Windows\System32\rasadhlp.dll
0x00007ffcddda0000 - 0x00007ffcdde24000 	C:\WINDOWS\System32\fwpuclnt.dll
0x00007ffce4850000 - 0x00007ffce486b000 	C:\WINDOWS\SYSTEM32\CRYPTSP.dll
0x00007ffce40f0000 - 0x00007ffce4125000 	C:\WINDOWS\system32\rsaenh.dll
0x00007ffce46f0000 - 0x00007ffce4718000 	C:\WINDOWS\SYSTEM32\USERENV.dll
0x00007ffce49c0000 - 0x00007ffce49e8000 	C:\WINDOWS\SYSTEM32\bcrypt.dll
0x00007ffce4870000 - 0x00007ffce487c000 	C:\WINDOWS\SYSTEM32\CRYPTBASE.dll
0x00007ffcdd650000 - 0x00007ffcdd669000 	C:\WINDOWS\SYSTEM32\dhcpcsvc6.DLL
0x00007ffcdd240000 - 0x00007ffcdd25f000 	C:\WINDOWS\SYSTEM32\dhcpcsvc.DLL
0x00007ffcbb220000 - 0x00007ffcbb22d000 	C:\Program Files\Java\jdk-17\bin\sunmscapi.dll
0x00007ffce4990000 - 0x00007ffce49be000 	C:\WINDOWS\SYSTEM32\ncrypt.dll
0x00007ffce4950000 - 0x00007ffce4987000 	C:\WINDOWS\SYSTEM32\NTASN1.dll
0x00007ffcbd800000 - 0x00007ffcbd808000 	C:\WINDOWS\system32\wshunix.dll

dbghelp: loaded successfully - version: 4.0.5 - missing functions: none
symbol engine: initialized successfully - sym options: 0x614 - pdb path: .;C:\Program Files\Java\jdk-17\bin;C:\WINDOWS\SYSTEM32;C:\WINDOWS\WinSxS\amd64_microsoft.windows.common-controls_6595b64144ccf1df_6.0.22621.1635_none_270f70857386168e;C:\Program Files\McAfee\Endpoint Security\Threat Prevention\Ips;C:\Program Files\Java\jdk-17\bin\server;C:\Program Files\JetBrains\IntelliJ IDEA Community Edition 2022.3.3\bin

VM Arguments:
jvm_args: -javaagent:C:\Program Files\JetBrains\IntelliJ IDEA Community Edition 2022.3.3\lib\idea_rt.jar=62699:C:\Program Files\JetBrains\IntelliJ IDEA Community Edition 2022.3.3\bin -Dfile.encoding=UTF-8 
java_command: com.xebia.order.OrderApplication
java_class_path (initial): D:\microservice projects\order\order\target\classes;C:\Users\saran.s\.m2\repository\org\springframework\boot\spring-boot-starter-data-jpa\2.7.12\spring-boot-starter-data-jpa-2.7.12.jar;C:\Users\saran.s\.m2\repository\org\springframework\boot\spring-boot-starter-aop\2.7.12\spring-boot-starter-aop-2.7.12.jar;C:\Users\saran.s\.m2\repository\org\springframework\spring-aop\5.3.27\spring-aop-5.3.27.jar;C:\Users\saran.s\.m2\repository\org\aspectj\aspectjweaver\1.9.7\aspectjweaver-1.9.7.jar;C:\Users\saran.s\.m2\repository\org\springframework\boot\spring-boot-starter-jdbc\2.7.12\spring-boot-starter-jdbc-2.7.12.jar;C:\Users\saran.s\.m2\repository\com\zaxxer\HikariCP\4.0.3\HikariCP-4.0.3.jar;C:\Users\saran.s\.m2\repository\org\springframework\spring-jdbc\5.3.27\spring-jdbc-5.3.27.jar;C:\Users\saran.s\.m2\repository\jakarta\transaction\jakarta.transaction-api\1.3.3\jakarta.transaction-api-1.3.3.jar;C:\Users\saran.s\.m2\repository\jakarta\persistence\jakarta.persistence-api\2.2.3\jakarta.persistence-api-2.2.3.jar;C:\Users\saran.s\.m2\repository\org\hibernate\hibernate-core\5.6.15.Final\hibernate-core-5.6.15.Final.jar;C:\Users\saran.s\.m2\repository\org\jboss\logging\jboss-logging\3.4.3.Final\jboss-logging-3.4.3.Final.jar;C:\Users\saran.s\.m2\repository\net\bytebuddy\byte-buddy\1.12.23\byte-buddy-1.12.23.jar;C:\Users\saran.s\.m2\repository\antlr\antlr\2.7.7\antlr-2.7.7.jar;C:\Users\saran.s\.m2\repository\org\jboss\jandex\2.4.2.Final\jandex-2.4.2.Final.jar;C:\Users\saran.s\.m2\repository\com\fasterxml\classmate\1.5.1\classmate-1.5.1.jar;C:\Users\saran.s\.m2\repository\org\hibernate\common\hibernate-commons-annotations\5.1.2.Final\hibernate-commons-annotations-5.1.2.Final.jar;C:\Users\saran.s\.m2\repository\org\glassfish\jaxb\jaxb-runtime\2.3.8\jaxb-runtime-2.3.8.jar;C:\Users\saran.s\.m2\repository\org\glassfish\jaxb\txw2\2.3.8\txw2-2.3.8.jar;C:\Users\saran.s\.m2\repository\com\sun\istack\istack-commons-runtime\3.0.12\istack-commons-runtime-3.0.12.jar;C
Launcher Type: SUN_STANDARD

[Global flags]
     intx CICompilerCount                          = 4                                         {product} {ergonomic}
     uint ConcGCThreads                            = 2                                         {product} {ergonomic}
     uint G1ConcRefinementThreads                  = 8                                         {product} {ergonomic}
   size_t G1HeapRegionSize                         = 2097152                                   {product} {ergonomic}
    uintx GCDrainStackTargetSize                   = 64                                        {product} {ergonomic}
   size_t InitialHeapSize                          = 266338304                                 {product} {ergonomic}
   size_t MarkStackSize                            = 4194304                                   {product} {ergonomic}
   size_t MaxHeapSize                              = 4229955584                                {product} {ergonomic}
   size_t MaxNewSize                               = 2537553920                                {product} {ergonomic}
   size_t MinHeapDeltaBytes                        = 2097152                                   {product} {ergonomic}
   size_t MinHeapSize                              = 8388608                                   {product} {ergonomic}
    uintx NonNMethodCodeHeapSize                   = 5839372                                {pd product} {ergonomic}
    uintx NonProfiledCodeHeapSize                  = 122909434                              {pd product} {ergonomic}
    uintx ProfiledCodeHeapSize                     = 122909434                              {pd product} {ergonomic}
    uintx ReservedCodeCacheSize                    = 251658240                              {pd product} {ergonomic}
     bool SegmentedCodeCache                       = true                                      {product} {ergonomic}
   size_t SoftMaxHeapSize                          = 4229955584                             {manageable} {ergonomic}
     bool UseCompressedClassPointers               = true                           {product lp64_product} {ergonomic}
     bool UseCompressedOops                        = true                           {product lp64_product} {ergonomic}
     bool UseG1GC                                  = true                                      {product} {ergonomic}
     bool UseLargePagesIndividualAllocation        = false                                  {pd product} {ergonomic}

Logging:
Log output configuration:
 #0: stdout all=warning uptime,level,tags
 #1: stderr all=off uptime,level,tags

Environment Variables:
PATH=C:\Program Files\Common Files\Oracle\Java\javapath;C:\WINDOWS\system32;C:\WINDOWS;C:\WINDOWS\System32\Wbem;C:\WINDOWS\System32\WindowsPowerShell\v1.0\;C:\WINDOWS\System32\OpenSSH\;C:\Program Files (x86)\Intel\Intel(R) Management Engine Components\DAL;C:\Program Files\Intel\Intel(R) Management Engine Components\DAL;C:\Program Files\TortoiseGit\bin;C:\apache-maven-3.8.6\bin;C:\Program Files\nodejs\;C:\Users\saran.s\AppData\Local\Microsoft\WindowsApps;C:\Users\saran.s\AppData\Local\Programs\Microsoft VS Code\bin;C:\Users\saran.s\AppData\Local\Programs\Git\cmd;C:\Users\saran.s\AppData\Roaming\npm
USERNAME=saran.s
OS=Windows_NT
PROCESSOR_IDENTIFIER=Intel64 Family 6 Model 142 Stepping 10, GenuineIntel



---------------  S Y S T E M  ---------------

OS:
 Windows 11 , 64 bit Build 22621 (10.0.22621.1635)
OS uptime: 5 days 7:46 hours

CPU: total 8 (initial active 8) (4 cores per cpu, 2 threads per core) family 6 model 142 stepping 10 microcode 0xf2, cx8, cmov, fxsr, ht, mmx, 3dnowpref, sse, sse2, sse3, ssse3, sse4.1, sse4.2, popcnt, lzcnt, tsc, tscinvbit, avx, avx2, aes, erms, clmul, bmi1, bmi2, rtm, adx, fma, vzeroupper, clflush, clflushopt

Memory: 4k page, system-wide physical 16131M (3286M free)
TotalPageFile size 28819M (AvailPageFile size 0M)
current process WorkingSet (physical memory assigned to process): 194M, peak: 224M
current process commit charge ("private bytes"): 231M, peak: 416M

vm_info: Java HotSpot(TM) 64-Bit Server VM (17.0.6+9-LTS-190) for windows-amd64 JRE (17.0.6+9-LTS-190), built on Dec  6 2022 15:53:54 by "mach5one" with MS VC++ 17.1 (VS2022)

END.
